c:\users\szucs\documents\bme\msc\sample-framework-master\x64\release\qrc_sample-framework.obj
c:\users\szucs\documents\bme\msc\sample-framework-master\x64\release\moc_myviewer.obj
c:\users\szucs\documents\bme\msc\sample-framework-master\x64\release\moc_mywindow.obj
c:\users\szucs\documents\bme\msc\sample-framework-master\x64\release\main.obj
c:\users\szucs\documents\bme\msc\sample-framework-master\x64\release\mywindow.obj
c:\users\szucs\documents\bme\msc\sample-framework-master\x64\release\myviewer.obj
c:\users\szucs\documents\bme\msc\sample-framework-master\release\moc_predefs.h
c:\users\szucs\documents\bme\msc\sample-framework-master\release\sample-framework.exe
c:\users\szucs\documents\bme\msc\sample-framework-master\release\moc_myviewer.cpp
c:\users\szucs\documents\bme\msc\sample-framework-master\release\moc_mywindow.cpp
c:\users\szucs\documents\bme\msc\sample-framework-master\release\qrc_sample-framework.cpp
c:\users\lenovo\documents\bme\3dga\sample-framework-master\x64\release\main.obj
c:\users\lenovo\documents\bme\3dga\sample-framework-master\x64\release\moc_myviewer.obj
c:\users\lenovo\documents\bme\3dga\sample-framework-master\x64\release\moc_mywindow.obj
c:\users\lenovo\documents\bme\3dga\sample-framework-master\x64\release\myviewer.obj
c:\users\lenovo\documents\bme\3dga\sample-framework-master\x64\release\mywindow.obj
c:\users\lenovo\documents\bme\3dga\sample-framework-master\x64\release\qrc_sample-framework.obj
c:\users\lenovo\documents\bme\3dga\sample-framework-master\release\sample-framework.exe
c:\users\lenovo\documents\bme\3dga\sample-framework-master\x64\release\sample-framework.tlog\cl.command.1.tlog
c:\users\lenovo\documents\bme\3dga\sample-framework-master\x64\release\sample-framework.tlog\cl.read.1.tlog
c:\users\lenovo\documents\bme\3dga\sample-framework-master\x64\release\sample-framework.tlog\cl.write.1.tlog
c:\users\lenovo\documents\bme\3dga\sample-framework-master\x64\release\sample-framework.tlog\custombuild.command.1.tlog
c:\users\lenovo\documents\bme\3dga\sample-framework-master\x64\release\sample-framework.tlog\custombuild.read.1.tlog
c:\users\lenovo\documents\bme\3dga\sample-framework-master\x64\release\sample-framework.tlog\custombuild.write.1.tlog
c:\users\lenovo\documents\bme\3dga\sample-framework-master\x64\release\sample-framework.tlog\link.command.1.tlog
c:\users\lenovo\documents\bme\3dga\sample-framework-master\x64\release\sample-framework.tlog\link.read.1.tlog
c:\users\lenovo\documents\bme\3dga\sample-framework-master\x64\release\sample-framework.tlog\link.write.1.tlog
c:\users\lenovo\documents\bme\3dga\sample-framework-master\x64\release\sample-framework.tlog\moc.read.1u.tlog
c:\users\lenovo\documents\bme\3dga\sample-framework-master\x64\release\sample-framework.tlog\moc.write.1u.tlog
c:\users\lenovo\documents\bme\3dga\sample-framework-master\x64\release\sample-framework.tlog\rcc.read.1u.tlog
c:\users\lenovo\documents\bme\3dga\sample-framework-master\x64\release\sample-framework.tlog\rcc.write.1u.tlog
c:\users\lenovo\documents\bme\3dga\sample-framework-master\x64\release\sample-framework.tlog\sample-framework.write.1u.tlog
