c:\users\lenovo\documents\bme\3dga\sample-framework-master\x64\debug\moc_mywindow.obj
c:\users\lenovo\documents\bme\3dga\sample-framework-master\x64\debug\qrc_sample-framework.obj
c:\users\lenovo\documents\bme\3dga\sample-framework-master\x64\debug\moc_myviewer.obj
c:\users\lenovo\documents\bme\3dga\sample-framework-master\x64\debug\icpproject.obj
c:\users\lenovo\documents\bme\3dga\sample-framework-master\x64\debug\mywindow.obj
c:\users\lenovo\documents\bme\3dga\sample-framework-master\x64\debug\main.obj
c:\users\lenovo\documents\bme\3dga\sample-framework-master\x64\debug\myviewer.obj
c:\users\lenovo\documents\bme\3dga\sample-framework-master\x64\debug\vc142.pdb
c:\users\lenovo\documents\bme\3dga\sample-framework-master\debug\moc_predefs.h
c:\users\lenovo\documents\bme\3dga\sample-framework-master\debug\sample-framework.exe
c:\users\lenovo\documents\bme\3dga\sample-framework-master\debug\sample-framework.ilk
c:\users\lenovo\documents\bme\3dga\sample-framework-master\debug\sample-framework.pdb
c:\users\lenovo\documents\bme\3dga\sample-framework-master\debug\moc_myviewer.cpp
c:\users\lenovo\documents\bme\3dga\sample-framework-master\debug\moc_mywindow.cpp
c:\users\lenovo\documents\bme\3dga\sample-framework-master\debug\qrc_sample-framework.cpp
c:\users\lenovo\documents\bme\3dga\sample-framework-master\x64\debug\sample-framework.tlog\cl.command.1.tlog
c:\users\lenovo\documents\bme\3dga\sample-framework-master\x64\debug\sample-framework.tlog\cl.read.1.tlog
c:\users\lenovo\documents\bme\3dga\sample-framework-master\x64\debug\sample-framework.tlog\cl.write.1.tlog
c:\users\lenovo\documents\bme\3dga\sample-framework-master\x64\debug\sample-framework.tlog\custombuild.command.1.tlog
c:\users\lenovo\documents\bme\3dga\sample-framework-master\x64\debug\sample-framework.tlog\custombuild.read.1.tlog
c:\users\lenovo\documents\bme\3dga\sample-framework-master\x64\debug\sample-framework.tlog\custombuild.write.1.tlog
c:\users\lenovo\documents\bme\3dga\sample-framework-master\x64\debug\sample-framework.tlog\link.command.1.tlog
c:\users\lenovo\documents\bme\3dga\sample-framework-master\x64\debug\sample-framework.tlog\link.read.1.tlog
c:\users\lenovo\documents\bme\3dga\sample-framework-master\x64\debug\sample-framework.tlog\link.write.1.tlog
c:\users\lenovo\documents\bme\3dga\sample-framework-master\x64\debug\sample-framework.tlog\moc.read.1u.tlog
c:\users\lenovo\documents\bme\3dga\sample-framework-master\x64\debug\sample-framework.tlog\moc.write.1u.tlog
c:\users\lenovo\documents\bme\3dga\sample-framework-master\x64\debug\sample-framework.tlog\rcc.read.1u.tlog
c:\users\lenovo\documents\bme\3dga\sample-framework-master\x64\debug\sample-framework.tlog\rcc.write.1u.tlog
c:\users\lenovo\documents\bme\3dga\sample-framework-master\x64\debug\sample-framework.tlog\sample-framework.write.1u.tlog
